<?xml version="1.0" encoding="utf-8"?><testsuites name="pytest tests"><testsuite name="pytest" errors="0" failures="0" skipped="0" tests="11" time="3.175" timestamp="2026-07-16T07:17:28.608865+00:00" hostname="agent-env-10237ea8-8d68-4fcd-a05b-7fc01794cbec"><testcase classname="tests.test_estado_pagado_sync.TestEstadoPagadoAutoSync" name="test_marking_pagado_sets_monto_recuperado_to_monto" time="0.442" /><testcase classname="tests.test_estado_pagado_sync.TestEstadoPagadoAutoSync" name="test_explicit_monto_recuperado_is_respected" time="0.218" /><testcase classname="tests.test_estado_pagado_sync.TestEstadoPagadoAutoSync" name="test_regress_to_pendiente_resets_monto_recuperado" time="0.447" /><testcase classname="tests.test_estado_pagado_sync.TestEstadoPagadoAutoSync" name="test_regress_to_sin_contacto_resets_monto_recuperado" time="0.326" /><testcase classname="tests.test_estado_pagado_sync.TestEstadoPagadoAutoSync" name="test_parcial_does_not_change_monto_recuperado" time="0.272" /><testcase classname="tests.test_estado_pagado_sync.TestEstadoPagadoAutoSync" name="test_reports_summary_reflects_pagado" time="0.303" /><testcase classname="tests.test_estado_pagado_sync.TestExistingEndpointsRegression" name="test_recovered_endpoint_still_works" time="0.212" /><testcase classname="tests.test_estado_pagado_sync.TestExistingEndpointsRegression" name="test_notes_endpoint" time="0.237" /><testcase classname="tests.test_estado_pagado_sync.TestExistingEndpointsRegression" name="test_reminders_endpoint" time="0.193" /><testcase classname="tests.test_estado_pagado_sync.TestExistingEndpointsRegression" name="test_filter_by_estado" time="0.297" /><testcase classname="tests.test_estado_pagado_sync.TestExistingEndpointsRegression" name="test_whatsapp_import_endpoint" time="0.160" /></testsuite></testsuites>