<?xml version="1.0" encoding="utf-8"?><testsuites name="pytest tests"><testsuite name="pytest" errors="0" failures="0" skipped="0" tests="13" time="3.227" timestamp="2026-07-16T05:53:28.496959+00:00" hostname="agent-env-10237ea8-8d68-4fcd-a05b-7fc01794cbec"><testcase classname="tests.backend_test" name="test_dial_codes" time="0.173" /><testcase classname="tests.backend_test" name="test_connect_status_disconnect" time="0.229" /><testcase classname="tests.backend_test" name="test_whatsapp_qr" time="0.193" /><testcase classname="tests.backend_test" name="test_whatsapp_import_csv" time="0.146" /><testcase classname="tests.backend_test" name="test_seed_demo_mx" time="0.184" /><testcase classname="tests.backend_test" name="test_templates_defaults" time="0.046" /><testcase classname="tests.backend_test" name="test_templates_save" time="0.129" /><testcase classname="tests.backend_test" name="test_send_messages" time="0.486" /><testcase classname="tests.backend_test" name="test_logs" time="0.044" /><testcase classname="tests.backend_test" name="test_reports_summary" time="0.058" /><testcase classname="tests.backend_test" name="test_file_upload" time="0.373" /><testcase classname="tests.backend_test" name="test_file_list_and_download" time="0.324" /><testcase classname="tests.backend_test" name="test_import_contacts_from_file" time="0.309" /></testsuite></testsuites>