<?xml version="1.0" encoding="utf-8"?><testsuites name="pytest tests"><testsuite name="pytest" errors="0" failures="0" skipped="0" tests="12" time="3.085" timestamp="2026-07-16T06:42:46.067441+00:00" hostname="agent-env-10237ea8-8d68-4fcd-a05b-7fc01794cbec"><testcase classname="tests.test_bug_fix_and_new_endpoints" name="test_bug_fix_contacts_import_real_csv" time="0.387" /><testcase classname="tests.test_bug_fix_and_new_endpoints" name="test_bug_fix_whatsapp_import_real_csv" time="0.152" /><testcase classname="tests.test_bug_fix_and_new_endpoints" name="test_add_and_delete_note" time="0.258" /><testcase classname="tests.test_bug_fix_and_new_endpoints" name="test_reminder_lifecycle" time="0.177" /><testcase classname="tests.test_bug_fix_and_new_endpoints" name="test_recovered_partial" time="0.176" /><testcase classname="tests.test_bug_fix_and_new_endpoints" name="test_recovered_pagado" time="0.175" /><testcase classname="tests.test_bug_fix_and_new_endpoints" name="test_recovered_zero_keeps_state" time="0.170" /><testcase classname="tests.test_bug_fix_and_new_endpoints" name="test_patch_estado_valid" time="0.508" /><testcase classname="tests.test_bug_fix_and_new_endpoints" name="test_patch_estado_invalid" time="0.183" /><testcase classname="tests.test_bug_fix_and_new_endpoints" name="test_patch_medio_contacto" time="0.124" /><testcase classname="tests.test_bug_fix_and_new_endpoints" name="test_list_filter_by_estado" time="0.173" /><testcase classname="tests.test_bug_fix_and_new_endpoints" name="test_reports_summary_enriched" time="0.099" /></testsuite></testsuites>